
2014-10-30 15:45:28
[WARN]-[Thread: main]-[org.eclipse.jetty.util.component.AbstractLifeCycle.setFailed()]: FAILED jfinal: java.lang.IllegalArgumentException: Properties file not found: F:\zeusSpace\JavaPro\mms\WebRoot\WEB-INF\wechat_config_dev.txt
java.lang.IllegalArgumentException: Properties file not found: F:\zeusSpace\JavaPro\mms\WebRoot\WEB-INF\wechat_config_dev.txt
	at com.jfinal.config.JFinalConfig.loadPropertyFile(JFinalConfig.java:96)
	at com.tools.BaseConfig.loadPropertyFile(BaseConfig.java:33)
	at com.tools.BaseConfig.configConstant(BaseConfig.java:43)
	at com.jfinal.core.Config.configJFinal(Config.java:46)
	at com.jfinal.core.JFinal.init(JFinal.java:67)
	at com.jfinal.core.JFinalFilter.init(JFinalFilter.java:49)
	at org.eclipse.jetty.servlet.FilterHolder.doStart(FilterHolder.java:119)
	at org.eclipse.jetty.util.component.AbstractLifeCycle.start(AbstractLifeCycle.java:64)
	at org.eclipse.jetty.servlet.ServletHandler.initialize(ServletHandler.java:724)
	at org.eclipse.jetty.servlet.ServletContextHandler.startContext(ServletContextHandler.java:265)
	at org.eclipse.jetty.webapp.WebAppContext.startContext(WebAppContext.java:1250)
	at org.eclipse.jetty.server.handler.ContextHandler.doStart(ContextHandler.java:706)
	at org.eclipse.jetty.webapp.WebAppContext.doStart(WebAppContext.java:492)
	at org.eclipse.jetty.util.component.AbstractLifeCycle.start(AbstractLifeCycle.java:64)
	at org.eclipse.jetty.server.handler.HandlerWrapper.doStart(HandlerWrapper.java:95)
	at org.eclipse.jetty.server.Server.doStart(Server.java:277)
	at org.eclipse.jetty.util.component.AbstractLifeCycle.start(AbstractLifeCycle.java:64)
	at com.jfinal.server.JettyServer.doStart(JettyServer.java:120)
	at com.jfinal.server.JettyServer.start(JettyServer.java:64)
	at com.jfinal.core.JFinal.main(JFinal.java:173)

2014-10-30 15:45:28
[WARN]-[Thread: main]-[org.eclipse.jetty.webapp.WebAppContext.doStart()]: Failed startup of context o.e.j.w.WebAppContext{/,file:/F:/zeusSpace/JavaPro/mms/WebRoot/}
java.lang.IllegalArgumentException: Properties file not found: F:\zeusSpace\JavaPro\mms\WebRoot\WEB-INF\wechat_config_dev.txt
	at com.jfinal.config.JFinalConfig.loadPropertyFile(JFinalConfig.java:96)
	at com.tools.BaseConfig.loadPropertyFile(BaseConfig.java:33)
	at com.tools.BaseConfig.configConstant(BaseConfig.java:43)
	at com.jfinal.core.Config.configJFinal(Config.java:46)
	at com.jfinal.core.JFinal.init(JFinal.java:67)
	at com.jfinal.core.JFinalFilter.init(JFinalFilter.java:49)
	at org.eclipse.jetty.servlet.FilterHolder.doStart(FilterHolder.java:119)
	at org.eclipse.jetty.util.component.AbstractLifeCycle.start(AbstractLifeCycle.java:64)
	at org.eclipse.jetty.servlet.ServletHandler.initialize(ServletHandler.java:724)
	at org.eclipse.jetty.servlet.ServletContextHandler.startContext(ServletContextHandler.java:265)
	at org.eclipse.jetty.webapp.WebAppContext.startContext(WebAppContext.java:1250)
	at org.eclipse.jetty.server.handler.ContextHandler.doStart(ContextHandler.java:706)
	at org.eclipse.jetty.webapp.WebAppContext.doStart(WebAppContext.java:492)
	at org.eclipse.jetty.util.component.AbstractLifeCycle.start(AbstractLifeCycle.java:64)
	at org.eclipse.jetty.server.handler.HandlerWrapper.doStart(HandlerWrapper.java:95)
	at org.eclipse.jetty.server.Server.doStart(Server.java:277)
	at org.eclipse.jetty.util.component.AbstractLifeCycle.start(AbstractLifeCycle.java:64)
	at com.jfinal.server.JettyServer.doStart(JettyServer.java:120)
	at com.jfinal.server.JettyServer.start(JettyServer.java:64)
	at com.jfinal.core.JFinal.main(JFinal.java:173)
